
*** Running vivado
    with args -log fir.vds -m64 -product Vivado -mode batch -messageDb vivado.pb -notrace -source fir.tcl



****** Vivado v2022.1 (64-bit)
  **** SW Build 3526262 on Mon Apr 18 15:48:16 MDT 2022
  **** IP Build 3524634 on Mon Apr 18 20:55:01 MDT 2022
    ** Copyright 1986-2022 Xilinx, Inc. All Rights Reserved.

source fir.tcl -notrace
Command: read_checkpoint -auto_incremental -incremental H:/r11941093/soc/lab3/lab3.srcs/utils_1/imports/synth_1/fir.dcp
INFO: [Vivado 12-5825] Read reference checkpoint from H:/r11941093/soc/lab3/lab3.srcs/utils_1/imports/synth_1/fir.dcp for incremental synthesis
INFO: [Vivado 12-7989] Please ensure there are no constraint changes
Command: synth_design -top fir -part xc7z020clg400-1
Starting synth_design
Attempting to get a license for feature 'Synthesis' and/or device 'xc7z020'
INFO: [Common 17-349] Got license for feature 'Synthesis' and/or device 'xc7z020'
INFO: [Device 21-403] Loading part xc7z020clg400-1
INFO: [Designutils 20-5440] No compile time benefit to using incremental synthesis; A full resynthesis will be run
INFO: [Designutils 20-4379] Flow is switching to default flow due to incremental criteria not met. If you would like to alter this behaviour and have the flow terminate instead, please set the following parameter config_implementation {autoIncr.Synth.RejectBehavior Terminate}
INFO: [Synth 8-7079] Multithreading enabled for synth_design using a maximum of 2 processes.
INFO: [Synth 8-7078] Launching helper process for spawning children vivado processes
INFO: [Synth 8-7075] Helper process launched with PID 16292
WARNING: [Synth 8-9887] parameter declaration becomes local in 'fir' with formal parameter declaration list [H:/r11941093/lab3test/fir.v:95]
---------------------------------------------------------------------------------
Starting RTL Elaboration : Time (s): cpu = 00:00:06 ; elapsed = 00:00:06 . Memory (MB): peak = 1630.145 ; gain = 0.000
---------------------------------------------------------------------------------
INFO: [Synth 8-6157] synthesizing module 'fir' [H:/r11941093/lab3test/fir.v:1]
INFO: [Synth 8-6155] done synthesizing module 'fir' (0#1) [H:/r11941093/lab3test/fir.v:1]
WARNING: [Synth 8-6014] Unused sequential element awready_r_reg was removed.  [H:/r11941093/lab3test/fir.v:210]
WARNING: [Synth 8-3848] Net awready in module/entity fir does not have driver. [H:/r11941093/lab3test/fir.v:7]
WARNING: [Synth 8-3848] Net sm_tlast in module/entity fir does not have driver. [H:/r11941093/lab3test/fir.v:29]
WARNING: [Synth 8-3848] Net arready in module/entity fir does not have driver. [H:/r11941093/lab3test/fir.v:14]
WARNING: [Synth 8-3917] design fir has port tap_EN driven by constant 1
WARNING: [Synth 8-3917] design fir has port data_EN driven by constant 1
WARNING: [Synth 8-7129] Port awready in module fir is either unconnected or has no load
WARNING: [Synth 8-7129] Port arready in module fir is either unconnected or has no load
WARNING: [Synth 8-7129] Port araddr[11] in module fir is either unconnected or has no load
WARNING: [Synth 8-7129] Port araddr[10] in module fir is either unconnected or has no load
WARNING: [Synth 8-7129] Port araddr[9] in module fir is either unconnected or has no load
WARNING: [Synth 8-7129] Port araddr[8] in module fir is either unconnected or has no load
WARNING: [Synth 8-7129] Port araddr[7] in module fir is either unconnected or has no load
WARNING: [Synth 8-7129] Port araddr[6] in module fir is either unconnected or has no load
WARNING: [Synth 8-7129] Port araddr[5] in module fir is either unconnected or has no load
WARNING: [Synth 8-7129] Port araddr[4] in module fir is either unconnected or has no load
WARNING: [Synth 8-7129] Port araddr[3] in module fir is either unconnected or has no load
WARNING: [Synth 8-7129] Port araddr[2] in module fir is either unconnected or has no load
WARNING: [Synth 8-7129] Port araddr[1] in module fir is either unconnected or has no load
WARNING: [Synth 8-7129] Port araddr[0] in module fir is either unconnected or has no load
WARNING: [Synth 8-7129] Port ss_tvalid in module fir is either unconnected or has no load
WARNING: [Synth 8-7129] Port ss_tlast in module fir is either unconnected or has no load
WARNING: [Synth 8-7129] Port sm_tready in module fir is either unconnected or has no load
---------------------------------------------------------------------------------
Finished RTL Elaboration : Time (s): cpu = 00:00:07 ; elapsed = 00:00:08 . Memory (MB): peak = 1639.824 ; gain = 9.680
---------------------------------------------------------------------------------
---------------------------------------------------------------------------------
Start Handling Custom Attributes
---------------------------------------------------------------------------------
---------------------------------------------------------------------------------
Finished Handling Custom Attributes : Time (s): cpu = 00:00:07 ; elapsed = 00:00:08 . Memory (MB): peak = 1639.824 ; gain = 9.680
---------------------------------------------------------------------------------
---------------------------------------------------------------------------------
Finished RTL Optimization Phase 1 : Time (s): cpu = 00:00:07 ; elapsed = 00:00:08 . Memory (MB): peak = 1639.824 ; gain = 9.680
---------------------------------------------------------------------------------
Netlist sorting complete. Time (s): cpu = 00:00:00 ; elapsed = 00:00:00.010 . Memory (MB): peak = 1639.824 ; gain = 0.000
INFO: [Project 1-570] Preparing netlist for logic optimization

Processing XDC Constraints
Initializing timing engine
Parsing XDC File [H:/r11941093/soc/lab3/lab3.srcs/constrs_1/new/FIR_con.xdc]
INFO: [Constraints 18-632] set_input_delay: No clock object specified, the clocks will be automatically identified [H:/r11941093/soc/lab3/lab3.srcs/constrs_1/new/FIR_con.xdc:3]
INFO: [Constraints 18-632] set_output_delay: No clock object specified, the clocks will be automatically identified [H:/r11941093/soc/lab3/lab3.srcs/constrs_1/new/FIR_con.xdc:5]
Finished Parsing XDC File [H:/r11941093/soc/lab3/lab3.srcs/constrs_1/new/FIR_con.xdc]
Completed Processing XDC Constraints

Netlist sorting complete. Time (s): cpu = 00:00:00 ; elapsed = 00:00:00 . Memory (MB): peak = 1712.242 ; gain = 0.000
INFO: [Project 1-111] Unisim Transformation Summary:
No Unisim elements were transformed.

Constraint Validation Runtime : Time (s): cpu = 00:00:00 ; elapsed = 00:00:00.006 . Memory (MB): peak = 1712.242 ; gain = 0.000
INFO: [Designutils 20-5440] No compile time benefit to using incremental synthesis; A full resynthesis will be run
INFO: [Designutils 20-4379] Flow is switching to default flow due to incremental criteria not met. If you would like to alter this behaviour and have the flow terminate instead, please set the following parameter config_implementation {autoIncr.Synth.RejectBehavior Terminate}
---------------------------------------------------------------------------------
Finished Constraint Validation : Time (s): cpu = 00:00:16 ; elapsed = 00:00:17 . Memory (MB): peak = 1712.242 ; gain = 82.098
---------------------------------------------------------------------------------
---------------------------------------------------------------------------------
Start Loading Part and Timing Information
---------------------------------------------------------------------------------
Loading part: xc7z020clg400-1
---------------------------------------------------------------------------------
Finished Loading Part and Timing Information : Time (s): cpu = 00:00:16 ; elapsed = 00:00:17 . Memory (MB): peak = 1712.242 ; gain = 82.098
---------------------------------------------------------------------------------
---------------------------------------------------------------------------------
Start Applying 'set_property' XDC Constraints
---------------------------------------------------------------------------------
---------------------------------------------------------------------------------
Finished applying 'set_property' XDC Constraints : Time (s): cpu = 00:00:16 ; elapsed = 00:00:17 . Memory (MB): peak = 1712.242 ; gain = 82.098
---------------------------------------------------------------------------------
WARNING: [Synth 8-327] inferring latch for variable 'acc_r_reg' [H:/r11941093/lab3test/fir.v:83]
---------------------------------------------------------------------------------
Finished RTL Optimization Phase 2 : Time (s): cpu = 00:00:17 ; elapsed = 00:00:18 . Memory (MB): peak = 1712.242 ; gain = 82.098
---------------------------------------------------------------------------------
---------------------------------------------------------------------------------
Start RTL Component Statistics 
---------------------------------------------------------------------------------
Detailed RTL Component Info : 
+---Adders : 
	   2 Input   32 Bit       Adders := 2     
	   2 Input   12 Bit       Adders := 6     
	   2 Input    4 Bit       Adders := 2     
+---Registers : 
	               32 Bit    Registers := 2     
	               12 Bit    Registers := 3     
	                5 Bit    Registers := 1     
	                4 Bit    Registers := 2     
	                1 Bit    Registers := 3     
+---Multipliers : 
	              32x32  Multipliers := 1     
+---Muxes : 
	   2 Input   32 Bit        Muxes := 5     
	  10 Input   32 Bit        Muxes := 1     
	   2 Input   12 Bit        Muxes := 6     
	  10 Input   12 Bit        Muxes := 2     
	   2 Input    4 Bit        Muxes := 4     
	  10 Input    4 Bit        Muxes := 2     
	   2 Input    3 Bit        Muxes := 2     
	   2 Input    2 Bit        Muxes := 1     
	   2 Input    1 Bit        Muxes := 16    
	  10 Input    1 Bit        Muxes := 14    
---------------------------------------------------------------------------------
Finished RTL Component Statistics 
---------------------------------------------------------------------------------
---------------------------------------------------------------------------------
Start Part Resource Summary
---------------------------------------------------------------------------------
Part Resources:
DSPs: 220 (col length:60)
BRAMs: 280 (col length: RAMB18 60 RAMB36 30)
---------------------------------------------------------------------------------
Finished Part Resource Summary
---------------------------------------------------------------------------------
---------------------------------------------------------------------------------
Start Cross Boundary and Area Optimization
---------------------------------------------------------------------------------
WARNING: [Synth 8-7080] Parallel synthesis criteria is not met
DSP Report: Generating DSP acc_r_reg2, operation Mode is: A*B.
DSP Report: operator acc_r_reg2 is absorbed into DSP acc_r_reg2.
DSP Report: operator acc_r_reg2 is absorbed into DSP acc_r_reg2.
DSP Report: Generating DSP acc_r_reg2, operation Mode is: (PCIN>>17)+A*B.
DSP Report: operator acc_r_reg2 is absorbed into DSP acc_r_reg2.
DSP Report: operator acc_r_reg2 is absorbed into DSP acc_r_reg2.
DSP Report: Generating DSP acc_r_reg2, operation Mode is: A*B.
DSP Report: operator acc_r_reg2 is absorbed into DSP acc_r_reg2.
DSP Report: operator acc_r_reg2 is absorbed into DSP acc_r_reg2.
DSP Report: Generating DSP acc_r_reg2, operation Mode is: (PCIN>>17)+A*B.
DSP Report: operator acc_r_reg2 is absorbed into DSP acc_r_reg2.
DSP Report: operator acc_r_reg2 is absorbed into DSP acc_r_reg2.
WARNING: [Synth 8-3917] design fir has port tap_EN driven by constant 1
WARNING: [Synth 8-3917] design fir has port data_EN driven by constant 1
WARNING: [Synth 8-7129] Port awready in module fir is either unconnected or has no load
WARNING: [Synth 8-7129] Port arready in module fir is either unconnected or has no load
WARNING: [Synth 8-7129] Port araddr[11] in module fir is either unconnected or has no load
WARNING: [Synth 8-7129] Port araddr[10] in module fir is either unconnected or has no load
WARNING: [Synth 8-7129] Port araddr[9] in module fir is either unconnected or has no load
WARNING: [Synth 8-7129] Port araddr[8] in module fir is either unconnected or has no load
WARNING: [Synth 8-7129] Port araddr[7] in module fir is either unconnected or has no load
WARNING: [Synth 8-7129] Port araddr[6] in module fir is either unconnected or has no load
WARNING: [Synth 8-7129] Port araddr[5] in module fir is either unconnected or has no load
WARNING: [Synth 8-7129] Port araddr[4] in module fir is either unconnected or has no load
WARNING: [Synth 8-7129] Port araddr[3] in module fir is either unconnected or has no load
WARNING: [Synth 8-7129] Port araddr[2] in module fir is either unconnected or has no load
WARNING: [Synth 8-7129] Port araddr[1] in module fir is either unconnected or has no load
WARNING: [Synth 8-7129] Port araddr[0] in module fir is either unconnected or has no load
WARNING: [Synth 8-7129] Port ss_tvalid in module fir is either unconnected or has no load
WARNING: [Synth 8-7129] Port ss_tlast in module fir is either unconnected or has no load
WARNING: [Synth 8-7129] Port sm_tready in module fir is either unconnected or has no load
---------------------------------------------------------------------------------
Finished Cross Boundary and Area Optimization : Time (s): cpu = 00:00:20 ; elapsed = 00:00:21 . Memory (MB): peak = 1712.242 ; gain = 82.098
---------------------------------------------------------------------------------
---------------------------------------------------------------------------------
Start ROM, RAM, DSP, Shift Register and Retiming Reporting
---------------------------------------------------------------------------------

DSP: Preliminary Mapping Report (see note below. The ' indicates corresponding REG is set)
+------------+----------------+--------+--------+--------+--------+--------+------+------+------+------+-------+------+------+
|Module Name | DSP Mapping    | A Size | B Size | C Size | D Size | P Size | AREG | BREG | CREG | DREG | ADREG | MREG | PREG | 
+------------+----------------+--------+--------+--------+--------+--------+------+------+------+------+-------+------+------+
|fir         | A*B            | 18     | 15     | -      | -      | 48     | 0    | 0    | -    | -    | -     | 0    | 0    | 
|fir         | (PCIN>>17)+A*B | 15     | 15     | -      | -      | 48     | 0    | 0    | -    | -    | -     | 0    | 0    | 
|fir         | A*B            | 18     | 18     | -      | -      | 48     | 0    | 0    | -    | -    | -     | 0    | 0    | 
|fir         | (PCIN>>17)+A*B | 18     | 15     | -      | -      | 48     | 0    | 0    | -    | -    | -     | 0    | 0    | 
+------------+----------------+--------+--------+--------+--------+--------+------+------+------+------+-------+------+------+

Note: The table above is a preliminary report that shows the DSPs inferred at the current stage of the synthesis flow. Some DSP may be reimplemented as non DSP primitives later in the synthesis flow. Multiple instantiated DSPs are reported only once.
---------------------------------------------------------------------------------
Finished ROM, RAM, DSP, Shift Register and Retiming Reporting
---------------------------------------------------------------------------------

*** Halting run - EA reset detected ***


*** Running vivado
    with args -log fir.vds -m64 -product Vivado -mode batch -messageDb vivado.pb -notrace -source fir.tcl



****** Vivado v2022.1 (64-bit)
  **** SW Build 3526262 on Mon Apr 18 15:48:16 MDT 2022
  **** IP Build 3524634 on Mon Apr 18 20:55:01 MDT 2022
    ** Copyright 1986-2022 Xilinx, Inc. All Rights Reserved.

source fir.tcl -notrace
Command: read_checkpoint -auto_incremental -incremental H:/r11941093/soc/lab3/lab3.srcs/utils_1/imports/synth_1/fir.dcp
INFO: [Vivado 12-5825] Read reference checkpoint from H:/r11941093/soc/lab3/lab3.srcs/utils_1/imports/synth_1/fir.dcp for incremental synthesis
INFO: [Vivado 12-7989] Please ensure there are no constraint changes
Command: synth_design -top fir -part xc7z020clg400-1
Starting synth_design
Attempting to get a license for feature 'Synthesis' and/or device 'xc7z020'
INFO: [Common 17-349] Got license for feature 'Synthesis' and/or device 'xc7z020'
INFO: [Device 21-403] Loading part xc7z020clg400-1
INFO: [Designutils 20-5440] No compile time benefit to using incremental synthesis; A full resynthesis will be run
INFO: [Designutils 20-4379] Flow is switching to default flow due to incremental criteria not met. If you would like to alter this behaviour and have the flow terminate instead, please set the following parameter config_implementation {autoIncr.Synth.RejectBehavior Terminate}
INFO: [Synth 8-7079] Multithreading enabled for synth_design using a maximum of 2 processes.
INFO: [Synth 8-7078] Launching helper process for spawning children vivado processes
INFO: [Synth 8-7075] Helper process launched with PID 40280
WARNING: [Synth 8-9887] parameter declaration becomes local in 'fir' with formal parameter declaration list [H:/r11941093/lab3test/fir.v:95]
---------------------------------------------------------------------------------
Starting RTL Elaboration : Time (s): cpu = 00:00:06 ; elapsed = 00:00:06 . Memory (MB): peak = 1623.266 ; gain = 0.000
---------------------------------------------------------------------------------
INFO: [Synth 8-6157] synthesizing module 'fir' [H:/r11941093/lab3test/fir.v:1]
INFO: [Synth 8-6155] done synthesizing module 'fir' (0#1) [H:/r11941093/lab3test/fir.v:1]
WARNING: [Synth 8-6014] Unused sequential element awready_r_reg was removed.  [H:/r11941093/lab3test/fir.v:210]
WARNING: [Synth 8-3848] Net awready in module/entity fir does not have driver. [H:/r11941093/lab3test/fir.v:7]
WARNING: [Synth 8-3848] Net sm_tlast in module/entity fir does not have driver. [H:/r11941093/lab3test/fir.v:29]
WARNING: [Synth 8-3848] Net arready in module/entity fir does not have driver. [H:/r11941093/lab3test/fir.v:14]
WARNING: [Synth 8-3917] design fir has port tap_EN driven by constant 1
WARNING: [Synth 8-3917] design fir has port data_EN driven by constant 1
WARNING: [Synth 8-7129] Port awready in module fir is either unconnected or has no load
WARNING: [Synth 8-7129] Port arready in module fir is either unconnected or has no load
WARNING: [Synth 8-7129] Port araddr[11] in module fir is either unconnected or has no load
WARNING: [Synth 8-7129] Port araddr[10] in module fir is either unconnected or has no load
WARNING: [Synth 8-7129] Port araddr[9] in module fir is either unconnected or has no load
WARNING: [Synth 8-7129] Port araddr[8] in module fir is either unconnected or has no load
WARNING: [Synth 8-7129] Port araddr[7] in module fir is either unconnected or has no load
WARNING: [Synth 8-7129] Port araddr[6] in module fir is either unconnected or has no load
WARNING: [Synth 8-7129] Port araddr[5] in module fir is either unconnected or has no load
WARNING: [Synth 8-7129] Port araddr[4] in module fir is either unconnected or has no load
WARNING: [Synth 8-7129] Port araddr[3] in module fir is either unconnected or has no load
WARNING: [Synth 8-7129] Port araddr[2] in module fir is either unconnected or has no load
WARNING: [Synth 8-7129] Port araddr[1] in module fir is either unconnected or has no load
WARNING: [Synth 8-7129] Port araddr[0] in module fir is either unconnected or has no load
WARNING: [Synth 8-7129] Port ss_tvalid in module fir is either unconnected or has no load
WARNING: [Synth 8-7129] Port ss_tlast in module fir is either unconnected or has no load
WARNING: [Synth 8-7129] Port sm_tready in module fir is either unconnected or has no load
---------------------------------------------------------------------------------
Finished RTL Elaboration : Time (s): cpu = 00:00:08 ; elapsed = 00:00:08 . Memory (MB): peak = 1638.305 ; gain = 15.039
---------------------------------------------------------------------------------
---------------------------------------------------------------------------------
Start Handling Custom Attributes
---------------------------------------------------------------------------------
---------------------------------------------------------------------------------
Finished Handling Custom Attributes : Time (s): cpu = 00:00:08 ; elapsed = 00:00:08 . Memory (MB): peak = 1638.305 ; gain = 15.039
---------------------------------------------------------------------------------
---------------------------------------------------------------------------------
Finished RTL Optimization Phase 1 : Time (s): cpu = 00:00:08 ; elapsed = 00:00:08 . Memory (MB): peak = 1638.305 ; gain = 15.039
---------------------------------------------------------------------------------
Netlist sorting complete. Time (s): cpu = 00:00:00 ; elapsed = 00:00:00.010 . Memory (MB): peak = 1638.305 ; gain = 0.000
INFO: [Project 1-570] Preparing netlist for logic optimization

Processing XDC Constraints
Initializing timing engine
Parsing XDC File [H:/r11941093/soc/lab3/lab3.srcs/constrs_1/new/FIR_con.xdc]
INFO: [Constraints 18-632] set_input_delay: No clock object specified, the clocks will be automatically identified [H:/r11941093/soc/lab3/lab3.srcs/constrs_1/new/FIR_con.xdc:3]
INFO: [Constraints 18-632] set_output_delay: No clock object specified, the clocks will be automatically identified [H:/r11941093/soc/lab3/lab3.srcs/constrs_1/new/FIR_con.xdc:5]
Finished Parsing XDC File [H:/r11941093/soc/lab3/lab3.srcs/constrs_1/new/FIR_con.xdc]
Completed Processing XDC Constraints

Netlist sorting complete. Time (s): cpu = 00:00:00 ; elapsed = 00:00:00 . Memory (MB): peak = 1708.613 ; gain = 0.000
INFO: [Project 1-111] Unisim Transformation Summary:
No Unisim elements were transformed.

Constraint Validation Runtime : Time (s): cpu = 00:00:00 ; elapsed = 00:00:00.006 . Memory (MB): peak = 1708.613 ; gain = 0.000
INFO: [Designutils 20-5440] No compile time benefit to using incremental synthesis; A full resynthesis will be run
INFO: [Designutils 20-4379] Flow is switching to default flow due to incremental criteria not met. If you would like to alter this behaviour and have the flow terminate instead, please set the following parameter config_implementation {autoIncr.Synth.RejectBehavior Terminate}
---------------------------------------------------------------------------------
Finished Constraint Validation : Time (s): cpu = 00:00:16 ; elapsed = 00:00:16 . Memory (MB): peak = 1708.613 ; gain = 85.348
---------------------------------------------------------------------------------
---------------------------------------------------------------------------------
Start Loading Part and Timing Information
---------------------------------------------------------------------------------
Loading part: xc7z020clg400-1
---------------------------------------------------------------------------------
Finished Loading Part and Timing Information : Time (s): cpu = 00:00:16 ; elapsed = 00:00:16 . Memory (MB): peak = 1708.613 ; gain = 85.348
---------------------------------------------------------------------------------
---------------------------------------------------------------------------------
Start Applying 'set_property' XDC Constraints
---------------------------------------------------------------------------------
---------------------------------------------------------------------------------
Finished applying 'set_property' XDC Constraints : Time (s): cpu = 00:00:16 ; elapsed = 00:00:16 . Memory (MB): peak = 1708.613 ; gain = 85.348
---------------------------------------------------------------------------------
WARNING: [Synth 8-327] inferring latch for variable 'acc_r_reg' [H:/r11941093/lab3test/fir.v:83]
---------------------------------------------------------------------------------
Finished RTL Optimization Phase 2 : Time (s): cpu = 00:00:16 ; elapsed = 00:00:17 . Memory (MB): peak = 1708.613 ; gain = 85.348
---------------------------------------------------------------------------------
---------------------------------------------------------------------------------
Start RTL Component Statistics 
---------------------------------------------------------------------------------
Detailed RTL Component Info : 
+---Adders : 
	   2 Input   32 Bit       Adders := 2     
	   2 Input   12 Bit       Adders := 6     
	   2 Input    4 Bit       Adders := 2     
+---Registers : 
	               32 Bit    Registers := 2     
	               12 Bit    Registers := 3     
	                5 Bit    Registers := 1     
	                4 Bit    Registers := 2     
	                1 Bit    Registers := 3     
+---Multipliers : 
	              32x32  Multipliers := 1     
+---Muxes : 
	   2 Input   32 Bit        Muxes := 5     
	  10 Input   32 Bit        Muxes := 1     
	   2 Input   12 Bit        Muxes := 6     
	  10 Input   12 Bit        Muxes := 2     
	   2 Input    4 Bit        Muxes := 4     
	  10 Input    4 Bit        Muxes := 2     
	   2 Input    3 Bit        Muxes := 2     
	   2 Input    2 Bit        Muxes := 1     
	   2 Input    1 Bit        Muxes := 16    
	  10 Input    1 Bit        Muxes := 14    
---------------------------------------------------------------------------------
Finished RTL Component Statistics 
---------------------------------------------------------------------------------
---------------------------------------------------------------------------------
Start Part Resource Summary
---------------------------------------------------------------------------------
Part Resources:
DSPs: 220 (col length:60)
BRAMs: 280 (col length: RAMB18 60 RAMB36 30)
---------------------------------------------------------------------------------
Finished Part Resource Summary
---------------------------------------------------------------------------------
---------------------------------------------------------------------------------
Start Cross Boundary and Area Optimization
---------------------------------------------------------------------------------
WARNING: [Synth 8-7080] Parallel synthesis criteria is not met
DSP Report: Generating DSP acc_r_reg2, operation Mode is: A*B.
DSP Report: operator acc_r_reg2 is absorbed into DSP acc_r_reg2.
DSP Report: operator acc_r_reg2 is absorbed into DSP acc_r_reg2.
DSP Report: Generating DSP acc_r_reg2, operation Mode is: (PCIN>>17)+A*B.
DSP Report: operator acc_r_reg2 is absorbed into DSP acc_r_reg2.
DSP Report: operator acc_r_reg2 is absorbed into DSP acc_r_reg2.
DSP Report: Generating DSP acc_r_reg2, operation Mode is: A*B.
DSP Report: operator acc_r_reg2 is absorbed into DSP acc_r_reg2.
DSP Report: operator acc_r_reg2 is absorbed into DSP acc_r_reg2.
DSP Report: Generating DSP acc_r_reg2, operation Mode is: (PCIN>>17)+A*B.
DSP Report: operator acc_r_reg2 is absorbed into DSP acc_r_reg2.
DSP Report: operator acc_r_reg2 is absorbed into DSP acc_r_reg2.
WARNING: [Synth 8-3917] design fir has port tap_EN driven by constant 1
WARNING: [Synth 8-3917] design fir has port data_EN driven by constant 1
WARNING: [Synth 8-7129] Port awready in module fir is either unconnected or has no load
WARNING: [Synth 8-7129] Port arready in module fir is either unconnected or has no load
WARNING: [Synth 8-7129] Port araddr[11] in module fir is either unconnected or has no load
WARNING: [Synth 8-7129] Port araddr[10] in module fir is either unconnected or has no load
WARNING: [Synth 8-7129] Port araddr[9] in module fir is either unconnected or has no load
WARNING: [Synth 8-7129] Port araddr[8] in module fir is either unconnected or has no load
WARNING: [Synth 8-7129] Port araddr[7] in module fir is either unconnected or has no load
WARNING: [Synth 8-7129] Port araddr[6] in module fir is either unconnected or has no load
WARNING: [Synth 8-7129] Port araddr[5] in module fir is either unconnected or has no load
WARNING: [Synth 8-7129] Port araddr[4] in module fir is either unconnected or has no load
WARNING: [Synth 8-7129] Port araddr[3] in module fir is either unconnected or has no load
WARNING: [Synth 8-7129] Port araddr[2] in module fir is either unconnected or has no load
WARNING: [Synth 8-7129] Port araddr[1] in module fir is either unconnected or has no load
WARNING: [Synth 8-7129] Port araddr[0] in module fir is either unconnected or has no load
WARNING: [Synth 8-7129] Port ss_tvalid in module fir is either unconnected or has no load
WARNING: [Synth 8-7129] Port ss_tlast in module fir is either unconnected or has no load
WARNING: [Synth 8-7129] Port sm_tready in module fir is either unconnected or has no load
---------------------------------------------------------------------------------
Finished Cross Boundary and Area Optimization : Time (s): cpu = 00:00:20 ; elapsed = 00:00:20 . Memory (MB): peak = 1708.613 ; gain = 85.348
---------------------------------------------------------------------------------
---------------------------------------------------------------------------------
Start ROM, RAM, DSP, Shift Register and Retiming Reporting
---------------------------------------------------------------------------------

DSP: Preliminary Mapping Report (see note below. The ' indicates corresponding REG is set)
+------------+----------------+--------+--------+--------+--------+--------+------+------+------+------+-------+------+------+
|Module Name | DSP Mapping    | A Size | B Size | C Size | D Size | P Size | AREG | BREG | CREG | DREG | ADREG | MREG | PREG | 
+------------+----------------+--------+--------+--------+--------+--------+------+------+------+------+-------+------+------+
|fir         | A*B            | 18     | 15     | -      | -      | 48     | 0    | 0    | -    | -    | -     | 0    | 0    | 
|fir         | (PCIN>>17)+A*B | 15     | 15     | -      | -      | 48     | 0    | 0    | -    | -    | -     | 0    | 0    | 
|fir         | A*B            | 18     | 18     | -      | -      | 48     | 0    | 0    | -    | -    | -     | 0    | 0    | 
|fir         | (PCIN>>17)+A*B | 18     | 15     | -      | -      | 48     | 0    | 0    | -    | -    | -     | 0    | 0    | 
+------------+----------------+--------+--------+--------+--------+--------+------+------+------+------+-------+------+------+

Note: The table above is a preliminary report that shows the DSPs inferred at the current stage of the synthesis flow. Some DSP may be reimplemented as non DSP primitives later in the synthesis flow. Multiple instantiated DSPs are reported only once.
---------------------------------------------------------------------------------
Finished ROM, RAM, DSP, Shift Register and Retiming Reporting
---------------------------------------------------------------------------------
---------------------------------------------------------------------------------
Start Applying XDC Timing Constraints
---------------------------------------------------------------------------------
---------------------------------------------------------------------------------
Finished Applying XDC Timing Constraints : Time (s): cpu = 00:00:31 ; elapsed = 00:00:31 . Memory (MB): peak = 1708.613 ; gain = 85.348
---------------------------------------------------------------------------------
---------------------------------------------------------------------------------
Start Timing Optimization
---------------------------------------------------------------------------------
---------------------------------------------------------------------------------
Finished Timing Optimization : Time (s): cpu = 00:00:32 ; elapsed = 00:00:33 . Memory (MB): peak = 1739.805 ; gain = 116.539
---------------------------------------------------------------------------------
---------------------------------------------------------------------------------
Start Technology Mapping
---------------------------------------------------------------------------------
---------------------------------------------------------------------------------
Finished Technology Mapping : Time (s): cpu = 00:00:32 ; elapsed = 00:00:33 . Memory (MB): peak = 1739.805 ; gain = 116.539
---------------------------------------------------------------------------------
---------------------------------------------------------------------------------
Start IO Insertion
---------------------------------------------------------------------------------
---------------------------------------------------------------------------------
Start Flattening Before IO Insertion
---------------------------------------------------------------------------------
---------------------------------------------------------------------------------
Finished Flattening Before IO Insertion
---------------------------------------------------------------------------------
---------------------------------------------------------------------------------
Start Final Netlist Cleanup
---------------------------------------------------------------------------------
---------------------------------------------------------------------------------
Finished Final Netlist Cleanup
---------------------------------------------------------------------------------
---------------------------------------------------------------------------------
Finished IO Insertion : Time (s): cpu = 00:00:37 ; elapsed = 00:00:38 . Memory (MB): peak = 1739.805 ; gain = 116.539
---------------------------------------------------------------------------------
---------------------------------------------------------------------------------
Start Renaming Generated Instances
---------------------------------------------------------------------------------
---------------------------------------------------------------------------------
Finished Renaming Generated Instances : Time (s): cpu = 00:00:37 ; elapsed = 00:00:38 . Memory (MB): peak = 1739.805 ; gain = 116.539
---------------------------------------------------------------------------------
CRITICAL WARNING: [Synth 8-6859] multi-driven net on pin sm_tdata_OBUF[31] with 1st driver pin 'acc_r_reg[31]__0/Q' [H:/r11941093/lab3test/fir.v:83]
CRITICAL WARNING: [Synth 8-6859] multi-driven net on pin sm_tdata_OBUF[31] with 2nd driver pin 'acc_r_reg[31]/Q' [H:/r11941093/lab3test/fir.v:216]
CRITICAL WARNING: [Synth 8-6859] multi-driven net on pin sm_tdata_OBUF[30] with 1st driver pin 'acc_r_reg[30]__0/Q' [H:/r11941093/lab3test/fir.v:83]
CRITICAL WARNING: [Synth 8-6859] multi-driven net on pin sm_tdata_OBUF[30] with 2nd driver pin 'acc_r_reg[30]/Q' [H:/r11941093/lab3test/fir.v:216]
CRITICAL WARNING: [Synth 8-6859] multi-driven net on pin sm_tdata_OBUF[29] with 1st driver pin 'acc_r_reg[29]__0/Q' [H:/r11941093/lab3test/fir.v:83]
CRITICAL WARNING: [Synth 8-6859] multi-driven net on pin sm_tdata_OBUF[29] with 2nd driver pin 'acc_r_reg[29]/Q' [H:/r11941093/lab3test/fir.v:216]
CRITICAL WARNING: [Synth 8-6859] multi-driven net on pin sm_tdata_OBUF[28] with 1st driver pin 'acc_r_reg[28]__0/Q' [H:/r11941093/lab3test/fir.v:83]
CRITICAL WARNING: [Synth 8-6859] multi-driven net on pin sm_tdata_OBUF[28] with 2nd driver pin 'acc_r_reg[28]/Q' [H:/r11941093/lab3test/fir.v:216]
CRITICAL WARNING: [Synth 8-6859] multi-driven net on pin sm_tdata_OBUF[27] with 1st driver pin 'acc_r_reg[27]__0/Q' [H:/r11941093/lab3test/fir.v:83]
CRITICAL WARNING: [Synth 8-6859] multi-driven net on pin sm_tdata_OBUF[27] with 2nd driver pin 'acc_r_reg[27]/Q' [H:/r11941093/lab3test/fir.v:216]
CRITICAL WARNING: [Synth 8-6859] multi-driven net on pin sm_tdata_OBUF[26] with 1st driver pin 'acc_r_reg[26]__0/Q' [H:/r11941093/lab3test/fir.v:83]
CRITICAL WARNING: [Synth 8-6859] multi-driven net on pin sm_tdata_OBUF[26] with 2nd driver pin 'acc_r_reg[26]/Q' [H:/r11941093/lab3test/fir.v:216]
CRITICAL WARNING: [Synth 8-6859] multi-driven net on pin sm_tdata_OBUF[25] with 1st driver pin 'acc_r_reg[25]__0/Q' [H:/r11941093/lab3test/fir.v:83]
CRITICAL WARNING: [Synth 8-6859] multi-driven net on pin sm_tdata_OBUF[25] with 2nd driver pin 'acc_r_reg[25]/Q' [H:/r11941093/lab3test/fir.v:216]
CRITICAL WARNING: [Synth 8-6859] multi-driven net on pin sm_tdata_OBUF[24] with 1st driver pin 'acc_r_reg[24]__0/Q' [H:/r11941093/lab3test/fir.v:83]
CRITICAL WARNING: [Synth 8-6859] multi-driven net on pin sm_tdata_OBUF[24] with 2nd driver pin 'acc_r_reg[24]/Q' [H:/r11941093/lab3test/fir.v:216]
CRITICAL WARNING: [Synth 8-6859] multi-driven net on pin sm_tdata_OBUF[23] with 1st driver pin 'acc_r_reg[23]__0/Q' [H:/r11941093/lab3test/fir.v:83]
CRITICAL WARNING: [Synth 8-6859] multi-driven net on pin sm_tdata_OBUF[23] with 2nd driver pin 'acc_r_reg[23]/Q' [H:/r11941093/lab3test/fir.v:216]
CRITICAL WARNING: [Synth 8-6859] multi-driven net on pin sm_tdata_OBUF[22] with 1st driver pin 'acc_r_reg[22]__0/Q' [H:/r11941093/lab3test/fir.v:83]
CRITICAL WARNING: [Synth 8-6859] multi-driven net on pin sm_tdata_OBUF[22] with 2nd driver pin 'acc_r_reg[22]/Q' [H:/r11941093/lab3test/fir.v:216]
CRITICAL WARNING: [Synth 8-6859] multi-driven net on pin sm_tdata_OBUF[21] with 1st driver pin 'acc_r_reg[21]__0/Q' [H:/r11941093/lab3test/fir.v:83]
CRITICAL WARNING: [Synth 8-6859] multi-driven net on pin sm_tdata_OBUF[21] with 2nd driver pin 'acc_r_reg[21]/Q' [H:/r11941093/lab3test/fir.v:216]
CRITICAL WARNING: [Synth 8-6859] multi-driven net on pin sm_tdata_OBUF[20] with 1st driver pin 'acc_r_reg[20]__0/Q' [H:/r11941093/lab3test/fir.v:83]
CRITICAL WARNING: [Synth 8-6859] multi-driven net on pin sm_tdata_OBUF[20] with 2nd driver pin 'acc_r_reg[20]/Q' [H:/r11941093/lab3test/fir.v:216]
CRITICAL WARNING: [Synth 8-6859] multi-driven net on pin sm_tdata_OBUF[19] with 1st driver pin 'acc_r_reg[19]__0/Q' [H:/r11941093/lab3test/fir.v:83]
CRITICAL WARNING: [Synth 8-6859] multi-driven net on pin sm_tdata_OBUF[19] with 2nd driver pin 'acc_r_reg[19]/Q' [H:/r11941093/lab3test/fir.v:216]
CRITICAL WARNING: [Synth 8-6859] multi-driven net on pin sm_tdata_OBUF[18] with 1st driver pin 'acc_r_reg[18]__0/Q' [H:/r11941093/lab3test/fir.v:83]
CRITICAL WARNING: [Synth 8-6859] multi-driven net on pin sm_tdata_OBUF[18] with 2nd driver pin 'acc_r_reg[18]/Q' [H:/r11941093/lab3test/fir.v:216]
CRITICAL WARNING: [Synth 8-6859] multi-driven net on pin sm_tdata_OBUF[17] with 1st driver pin 'acc_r_reg[17]__0/Q' [H:/r11941093/lab3test/fir.v:83]
CRITICAL WARNING: [Synth 8-6859] multi-driven net on pin sm_tdata_OBUF[17] with 2nd driver pin 'acc_r_reg[17]/Q' [H:/r11941093/lab3test/fir.v:216]
CRITICAL WARNING: [Synth 8-6859] multi-driven net on pin sm_tdata_OBUF[16] with 1st driver pin 'acc_r_reg[16]__0/Q' [H:/r11941093/lab3test/fir.v:83]
CRITICAL WARNING: [Synth 8-6859] multi-driven net on pin sm_tdata_OBUF[16] with 2nd driver pin 'acc_r_reg[16]/Q' [H:/r11941093/lab3test/fir.v:216]
CRITICAL WARNING: [Synth 8-6859] multi-driven net on pin sm_tdata_OBUF[15] with 1st driver pin 'acc_r_reg[15]__0/Q' [H:/r11941093/lab3test/fir.v:83]
CRITICAL WARNING: [Synth 8-6859] multi-driven net on pin sm_tdata_OBUF[15] with 2nd driver pin 'acc_r_reg[15]/Q' [H:/r11941093/lab3test/fir.v:216]
CRITICAL WARNING: [Synth 8-6859] multi-driven net on pin sm_tdata_OBUF[14] with 1st driver pin 'acc_r_reg[14]__0/Q' [H:/r11941093/lab3test/fir.v:83]
CRITICAL WARNING: [Synth 8-6859] multi-driven net on pin sm_tdata_OBUF[14] with 2nd driver pin 'acc_r_reg[14]/Q' [H:/r11941093/lab3test/fir.v:216]
CRITICAL WARNING: [Synth 8-6859] multi-driven net on pin sm_tdata_OBUF[13] with 1st driver pin 'acc_r_reg[13]__0/Q' [H:/r11941093/lab3test/fir.v:83]
CRITICAL WARNING: [Synth 8-6859] multi-driven net on pin sm_tdata_OBUF[13] with 2nd driver pin 'acc_r_reg[13]/Q' [H:/r11941093/lab3test/fir.v:216]
CRITICAL WARNING: [Synth 8-6859] multi-driven net on pin sm_tdata_OBUF[12] with 1st driver pin 'acc_r_reg[12]__0/Q' [H:/r11941093/lab3test/fir.v:83]
CRITICAL WARNING: [Synth 8-6859] multi-driven net on pin sm_tdata_OBUF[12] with 2nd driver pin 'acc_r_reg[12]/Q' [H:/r11941093/lab3test/fir.v:216]
CRITICAL WARNING: [Synth 8-6859] multi-driven net on pin sm_tdata_OBUF[11] with 1st driver pin 'acc_r_reg[11]__0/Q' [H:/r11941093/lab3test/fir.v:83]
CRITICAL WARNING: [Synth 8-6859] multi-driven net on pin sm_tdata_OBUF[11] with 2nd driver pin 'acc_r_reg[11]/Q' [H:/r11941093/lab3test/fir.v:216]
CRITICAL WARNING: [Synth 8-6859] multi-driven net on pin sm_tdata_OBUF[10] with 1st driver pin 'acc_r_reg[10]__0/Q' [H:/r11941093/lab3test/fir.v:83]
CRITICAL WARNING: [Synth 8-6859] multi-driven net on pin sm_tdata_OBUF[10] with 2nd driver pin 'acc_r_reg[10]/Q' [H:/r11941093/lab3test/fir.v:216]
CRITICAL WARNING: [Synth 8-6859] multi-driven net on pin sm_tdata_OBUF[9] with 1st driver pin 'acc_r_reg[9]__0/Q' [H:/r11941093/lab3test/fir.v:83]
CRITICAL WARNING: [Synth 8-6859] multi-driven net on pin sm_tdata_OBUF[9] with 2nd driver pin 'acc_r_reg[9]/Q' [H:/r11941093/lab3test/fir.v:216]
CRITICAL WARNING: [Synth 8-6859] multi-driven net on pin sm_tdata_OBUF[8] with 1st driver pin 'acc_r_reg[8]__0/Q' [H:/r11941093/lab3test/fir.v:83]
CRITICAL WARNING: [Synth 8-6859] multi-driven net on pin sm_tdata_OBUF[8] with 2nd driver pin 'acc_r_reg[8]/Q' [H:/r11941093/lab3test/fir.v:216]
CRITICAL WARNING: [Synth 8-6859] multi-driven net on pin sm_tdata_OBUF[7] with 1st driver pin 'acc_r_reg[7]__0/Q' [H:/r11941093/lab3test/fir.v:83]
CRITICAL WARNING: [Synth 8-6859] multi-driven net on pin sm_tdata_OBUF[7] with 2nd driver pin 'acc_r_reg[7]/Q' [H:/r11941093/lab3test/fir.v:216]
CRITICAL WARNING: [Synth 8-6859] multi-driven net on pin sm_tdata_OBUF[6] with 1st driver pin 'acc_r_reg[6]__0/Q' [H:/r11941093/lab3test/fir.v:83]
CRITICAL WARNING: [Synth 8-6859] multi-driven net on pin sm_tdata_OBUF[6] with 2nd driver pin 'acc_r_reg[6]/Q' [H:/r11941093/lab3test/fir.v:216]
CRITICAL WARNING: [Synth 8-6859] multi-driven net on pin sm_tdata_OBUF[5] with 1st driver pin 'acc_r_reg[5]__0/Q' [H:/r11941093/lab3test/fir.v:83]
CRITICAL WARNING: [Synth 8-6859] multi-driven net on pin sm_tdata_OBUF[5] with 2nd driver pin 'acc_r_reg[5]/Q' [H:/r11941093/lab3test/fir.v:216]
CRITICAL WARNING: [Synth 8-6859] multi-driven net on pin sm_tdata_OBUF[4] with 1st driver pin 'acc_r_reg[4]__0/Q' [H:/r11941093/lab3test/fir.v:83]
CRITICAL WARNING: [Synth 8-6859] multi-driven net on pin sm_tdata_OBUF[4] with 2nd driver pin 'acc_r_reg[4]/Q' [H:/r11941093/lab3test/fir.v:216]
CRITICAL WARNING: [Synth 8-6859] multi-driven net on pin sm_tdata_OBUF[3] with 1st driver pin 'acc_r_reg[3]__0/Q' [H:/r11941093/lab3test/fir.v:83]
CRITICAL WARNING: [Synth 8-6859] multi-driven net on pin sm_tdata_OBUF[3] with 2nd driver pin 'acc_r_reg[3]/Q' [H:/r11941093/lab3test/fir.v:216]
CRITICAL WARNING: [Synth 8-6859] multi-driven net on pin sm_tdata_OBUF[2] with 1st driver pin 'acc_r_reg[2]__0/Q' [H:/r11941093/lab3test/fir.v:83]
CRITICAL WARNING: [Synth 8-6859] multi-driven net on pin sm_tdata_OBUF[2] with 2nd driver pin 'acc_r_reg[2]/Q' [H:/r11941093/lab3test/fir.v:216]
CRITICAL WARNING: [Synth 8-6859] multi-driven net on pin sm_tdata_OBUF[1] with 1st driver pin 'acc_r_reg[1]__0/Q' [H:/r11941093/lab3test/fir.v:83]
CRITICAL WARNING: [Synth 8-6859] multi-driven net on pin sm_tdata_OBUF[1] with 2nd driver pin 'acc_r_reg[1]/Q' [H:/r11941093/lab3test/fir.v:216]
CRITICAL WARNING: [Synth 8-6859] multi-driven net on pin sm_tdata_OBUF[0] with 1st driver pin 'acc_r_reg[0]__0/Q' [H:/r11941093/lab3test/fir.v:83]
CRITICAL WARNING: [Synth 8-6859] multi-driven net on pin sm_tdata_OBUF[0] with 2nd driver pin 'acc_r_reg[0]/Q' [H:/r11941093/lab3test/fir.v:216]

Report Check Netlist: 
+------+------------------+-------+---------+-------+------------------+
|      |Item              |Errors |Warnings |Status |Description       |
+------+------------------+-------+---------+-------+------------------+
|1     |multi_driven_nets |      0|       32|Failed |Multi driven nets |
+------+------------------+-------+---------+-------+------------------+
---------------------------------------------------------------------------------
Start Rebuilding User Hierarchy
---------------------------------------------------------------------------------
---------------------------------------------------------------------------------
Finished Rebuilding User Hierarchy : Time (s): cpu = 00:00:37 ; elapsed = 00:00:38 . Memory (MB): peak = 1739.805 ; gain = 116.539
---------------------------------------------------------------------------------
---------------------------------------------------------------------------------
Start Renaming Generated Ports
---------------------------------------------------------------------------------
---------------------------------------------------------------------------------
Finished Renaming Generated Ports : Time (s): cpu = 00:00:37 ; elapsed = 00:00:38 . Memory (MB): peak = 1739.805 ; gain = 116.539
---------------------------------------------------------------------------------
---------------------------------------------------------------------------------
Start Handling Custom Attributes
---------------------------------------------------------------------------------
---------------------------------------------------------------------------------
Finished Handling Custom Attributes : Time (s): cpu = 00:00:37 ; elapsed = 00:00:38 . Memory (MB): peak = 1739.805 ; gain = 116.539
---------------------------------------------------------------------------------
---------------------------------------------------------------------------------
Start Renaming Generated Nets
---------------------------------------------------------------------------------
---------------------------------------------------------------------------------
Finished Renaming Generated Nets : Time (s): cpu = 00:00:37 ; elapsed = 00:00:38 . Memory (MB): peak = 1739.805 ; gain = 116.539
---------------------------------------------------------------------------------
---------------------------------------------------------------------------------
Start Writing Synthesis Report
---------------------------------------------------------------------------------

DSP Final Report (the ' indicates corresponding REG is set)
+------------+--------------+--------+--------+--------+--------+--------+------+------+------+------+-------+------+------+
|Module Name | DSP Mapping  | A Size | B Size | C Size | D Size | P Size | AREG | BREG | CREG | DREG | ADREG | MREG | PREG | 
+------------+--------------+--------+--------+--------+--------+--------+------+------+------+------+-------+------+------+
|fir         | A*B          | 17     | 18     | -      | -      | 48     | 0    | 0    | -    | -    | -     | 0    | 0    | 
|fir         | A*B          | 17     | 17     | -      | -      | 48     | 0    | 0    | -    | -    | -     | 0    | 0    | 
|fir         | PCIN>>17+A*B | 0      | 18     | -      | -      | 48     | 0    | 0    | -    | -    | -     | 0    | 0    | 
+------------+--------------+--------+--------+--------+--------+--------+------+------+------+------+-------+------+------+


Report BlackBoxes: 
+-+--------------+----------+
| |BlackBox name |Instances |
+-+--------------+----------+
+-+--------------+----------+

Report Cell Usage: 
+------+--------+------+
|      |Cell    |Count |
+------+--------+------+
|1     |BUFG    |     2|
|2     |CARRY4  |    32|
|3     |DSP48E1 |     3|
|4     |LUT1    |    31|
|5     |LUT2    |    54|
|6     |LUT3    |    17|
|7     |LUT4    |    52|
|8     |LUT5    |   100|
|9     |LUT6    |    31|
|10    |FDCE    |   123|
|11    |LD      |    32|
|12    |IBUF    |   146|
|13    |OBUF    |   167|
|14    |OBUFT   |     2|
+------+--------+------+
---------------------------------------------------------------------------------
Finished Writing Synthesis Report : Time (s): cpu = 00:00:37 ; elapsed = 00:00:38 . Memory (MB): peak = 1739.805 ; gain = 116.539
---------------------------------------------------------------------------------
Synthesis finished with 0 errors, 64 critical warnings and 21 warnings.
Synthesis Optimization Runtime : Time (s): cpu = 00:00:27 ; elapsed = 00:00:36 . Memory (MB): peak = 1739.805 ; gain = 46.230
Synthesis Optimization Complete : Time (s): cpu = 00:00:37 ; elapsed = 00:00:38 . Memory (MB): peak = 1739.805 ; gain = 116.539
INFO: [Project 1-571] Translating synthesized netlist
Netlist sorting complete. Time (s): cpu = 00:00:00 ; elapsed = 00:00:00.009 . Memory (MB): peak = 1748.836 ; gain = 0.000
INFO: [Netlist 29-17] Analyzing 67 Unisim elements for replacement
INFO: [Netlist 29-28] Unisim Transformation completed in 0 CPU seconds
INFO: [Project 1-570] Preparing netlist for logic optimization
INFO: [Opt 31-138] Pushed 0 inverter(s) to 0 load pin(s).
Netlist sorting complete. Time (s): cpu = 00:00:00 ; elapsed = 00:00:00 . Memory (MB): peak = 1752.520 ; gain = 0.000
INFO: [Project 1-111] Unisim Transformation Summary:
  A total of 32 instances were transformed.
  LD => LDCE: 32 instances

Synth Design complete, checksum: 5d40661b
INFO: [Common 17-83] Releasing license: Synthesis
24 Infos, 45 Warnings, 64 Critical Warnings and 0 Errors encountered.
synth_design completed successfully
synth_design: Time (s): cpu = 00:00:42 ; elapsed = 00:00:43 . Memory (MB): peak = 1752.520 ; gain = 129.254
INFO: [runtcl-6] Synthesis results are not added to the cache due to CRITICAL_WARNING
INFO: [Common 17-1381] The checkpoint 'H:/r11941093/soc/lab3/lab3.runs/synth_1/fir.dcp' has been generated.
INFO: [runtcl-4] Executing : report_utilization -file fir_utilization_synth.rpt -pb fir_utilization_synth.pb
INFO: [Common 17-206] Exiting Vivado at Thu Oct 19 19:19:44 2023...
